[2022.07.15 17:27:45] [125] finished selectServiceTranID().(execute time=16 msec. | service key=125)
[2022.07.15 17:27:45] [125] finished insertServiceHistory().(execute time=25 msec. | result count=2)
[2022.07.15 17:27:45] [125] [schedule-interface mapping info :  = COMPANY_CD=TOMS SERVICE_HISTORY_ID=125 INTERFACE_HISTORY_ID=38292 SERVICE_ID=IF_TEST_001 PLAN_NO=1 IF_CD=IF_CRM_001 FILE_PATH= INTERFACE_MTH=R PROCESS_TYPE=U DATA_PATH=/services/apexrest/SCK/interface TRAN_ROW_NUM=null SERVER_ID=CRM REQ_DATA_FORMAT=JSON RES_DATA_FORMAT= SERVER_IP=sckorea--fullsb.my.salesforce.com SERVER_PORT=80 SERVER_TYPE=W SECURE_YN=Y PROXY_IP= PROXY_PORT= DATA_SOURCE= PROTOCAL=HTTP CURRENT_STAT=null SERVER_USE_YN=Y COMPANY_CD=TOMS SERVICE_HISTORY_ID=125 INTERFACE_HISTORY_ID=38293 SERVICE_ID=IF_TEST_001 PLAN_NO=2 IF_CD=IF_CRM_002 FILE_PATH= INTERFACE_MTH=S PROCESS_TYPE=U DATA_PATH=/rs/batch/if_test_0010/insertMemberInfo TRAN_ROW_NUM=100 SERVER_ID=HOMEPAGE REQ_DATA_FORMAT= RES_DATA_FORMAT=JSON SERVER_IP=localhost SERVER_PORT=80 SERVER_TYPE=W SECURE_YN=N PROXY_IP= PROXY_PORT= DATA_SOURCE= PROTOCAL=HTTP CURRENT_STAT=null SERVER_USE_YN=Y ]
[2022.07.15 17:27:45] [125] finished selectServicePlanList().(execute time=12 msec. | result count=2)
[2022.07.15 17:27:45] [125] finished updateServiceHistoryStatus().(execute time=12 msec. | result count=1)
[2022.07.15 17:27:45] [125] finished insertTransInfoData().(execute time=16 msec. | result count=1)
[2022.07.15 17:27:45] result message = null
[2022.07.15 17:27:45] [125] finished updateFinishedTime().(execute time=6 msec. | result count=1)
[2022.07.15 17:27:45] [125] finished updateServiceHistoryStatus().(execute time=4 msec. | result count=1)
[2022.07.15 17:27:45] [125] finished updateServiceHistoryStatus().(execute time=3 msec. | result count=1)
[2022.07.15 17:27:45] [125] finished insertTransInfoData().(execute time=5 msec. | result count=1)
[2022.07.15 17:27:45] result message = null
[2022.07.15 17:27:45] [125] finished updateFinishedTime().(execute time=3 msec. | result count=1)
[2022.07.15 17:27:45] [125] finished updateServiceHistoryStatus().(execute time=3 msec. | result count=1)
[2022.07.15 17:27:45] [125] finished updateInterfaceScheduleDate().(execute time=7 msec. | result count=1)
[2022.07.15 17:27:53] [126] finished selectServiceTranID().(execute time=4 msec. | service key=126)
[2022.07.15 17:27:53] [126] finished insertServiceHistory().(execute time=8 msec. | result count=2)
[2022.07.15 17:27:53] [126] [schedule-interface mapping info :  = COMPANY_CD=TOMS SERVICE_HISTORY_ID=126 INTERFACE_HISTORY_ID=38294 SERVICE_ID=IF_TEST_001 PLAN_NO=1 IF_CD=IF_CRM_001 FILE_PATH= INTERFACE_MTH=R PROCESS_TYPE=U DATA_PATH=/services/apexrest/SCK/interface TRAN_ROW_NUM=null SERVER_ID=CRM REQ_DATA_FORMAT=JSON RES_DATA_FORMAT= SERVER_IP=sckorea--fullsb.my.salesforce.com SERVER_PORT=80 SERVER_TYPE=W SECURE_YN=Y PROXY_IP= PROXY_PORT= DATA_SOURCE= PROTOCAL=HTTP CURRENT_STAT=null SERVER_USE_YN=Y COMPANY_CD=TOMS SERVICE_HISTORY_ID=126 INTERFACE_HISTORY_ID=38295 SERVICE_ID=IF_TEST_001 PLAN_NO=2 IF_CD=IF_CRM_002 FILE_PATH= INTERFACE_MTH=S PROCESS_TYPE=U DATA_PATH=/rs/batch/if_test_0010/insertMemberInfo TRAN_ROW_NUM=100 SERVER_ID=HOMEPAGE REQ_DATA_FORMAT= RES_DATA_FORMAT=JSON SERVER_IP=localhost SERVER_PORT=80 SERVER_TYPE=W SECURE_YN=N PROXY_IP= PROXY_PORT= DATA_SOURCE= PROTOCAL=HTTP CURRENT_STAT=null SERVER_USE_YN=Y ]
[2022.07.15 17:27:53] [126] finished selectServicePlanList().(execute time=7 msec. | result count=2)
[2022.07.15 17:27:53] [126] finished updateServiceHistoryStatus().(execute time=3 msec. | result count=1)
[2022.07.15 17:27:53] [126] finished insertTransInfoData().(execute time=4 msec. | result count=1)
[2022.07.15 17:27:53] result message = null
[2022.07.15 17:27:53] [126] finished updateFinishedTime().(execute time=3 msec. | result count=1)
[2022.07.15 17:27:53] [126] finished updateServiceHistoryStatus().(execute time=3 msec. | result count=1)
[2022.07.15 17:27:53] [126] finished updateServiceHistoryStatus().(execute time=2 msec. | result count=1)
[2022.07.15 17:27:53] [126] finished insertTransInfoData().(execute time=4 msec. | result count=1)
[2022.07.15 17:27:53] result message = null
[2022.07.15 17:27:53] [126] finished updateFinishedTime().(execute time=2 msec. | result count=1)
[2022.07.15 17:27:53] [126] finished updateServiceHistoryStatus().(execute time=3 msec. | result count=1)
[2022.07.15 17:27:53] [126] finished updateInterfaceScheduleDate().(execute time=3 msec. | result count=1)
[2022.07.15 17:32:35] [127] finished selectServiceTranID().(execute time=8 msec. | service key=127)
[2022.07.15 17:32:35] [127] finished insertServiceHistory().(execute time=6 msec. | result count=2)
[2022.07.15 17:32:35] [127] [schedule-interface mapping info :  = COMPANY_CD=TOMS SERVICE_HISTORY_ID=127 INTERFACE_HISTORY_ID=38296 SERVICE_ID=IF_TEST_001 PLAN_NO=1 IF_CD=IF_CRM_001 FILE_PATH= INTERFACE_MTH=R PROCESS_TYPE=U DATA_PATH=/services/apexrest/SCK/interface TRAN_ROW_NUM=null SERVER_ID=CRM REQ_DATA_FORMAT=JSON RES_DATA_FORMAT= SERVER_IP=sckorea--fullsb.my.salesforce.com SERVER_PORT=80 SERVER_TYPE=W SECURE_YN=Y PROXY_IP= PROXY_PORT= DATA_SOURCE= PROTOCAL=HTTP CURRENT_STAT=null SERVER_USE_YN=Y COMPANY_CD=TOMS SERVICE_HISTORY_ID=127 INTERFACE_HISTORY_ID=38297 SERVICE_ID=IF_TEST_001 PLAN_NO=2 IF_CD=IF_CRM_002 FILE_PATH= INTERFACE_MTH=S PROCESS_TYPE=U DATA_PATH=/rs/batch/if_test_0010/insertMemberInfo TRAN_ROW_NUM=100 SERVER_ID=HOMEPAGE REQ_DATA_FORMAT= RES_DATA_FORMAT=JSON SERVER_IP=localhost SERVER_PORT=80 SERVER_TYPE=W SECURE_YN=N PROXY_IP= PROXY_PORT= DATA_SOURCE= PROTOCAL=HTTP CURRENT_STAT=null SERVER_USE_YN=Y ]
[2022.07.15 17:32:35] [127] finished selectServicePlanList().(execute time=6 msec. | result count=2)
[2022.07.15 17:32:35] [127] finished updateServiceHistoryStatus().(execute time=20 msec. | result count=1)
[2022.07.15 17:32:35] [127] finished insertTransInfoData().(execute time=6 msec. | result count=1)
[2022.07.15 17:32:35] [127] finished updateProcedureResult().(execute time=4 msec. | result count=1)
[2022.07.15 17:32:37] [127] finished updateJcoCountData().(execute time=15 msec. | result count=0)
[2022.07.15 17:32:37] [127] finished updateJcoCountData().(execute time=4 msec. | result count=1)
[2022.07.15 17:32:37] result message = 
[2022.07.15 17:32:37] [127] finished updateFinishedTime().(execute time=7 msec. | result count=1)
[2022.07.15 17:32:37] [127] finished updateServiceHistoryStatus().(execute time=4 msec. | result count=1)
[2022.07.15 17:32:37] [127] finished updateServiceHistoryStatus().(execute time=1 msec. | result count=1)
[2022.07.15 17:32:37] [127] finished insertTransInfoData().(execute time=4 msec. | result count=1)
[2022.07.15 17:32:37] [127] finished updateJcoCountData().(execute time=4 msec. | result count=0)
[2022.07.15 17:32:37] [127] finished updateProcedureResult().(execute time=2 msec. | result count=1)
[2022.07.15 17:32:38] [127] finished updateJcoCountData().(execute time=3 msec. | result count=1)
[2022.07.15 17:32:38] result message = 
[2022.07.15 17:32:38] [127] finished updateFinishedTime().(execute time=1 msec. | result count=1)
[2022.07.15 17:32:38] [127] finished updateServiceHistoryStatus().(execute time=1 msec. | result count=1)
[2022.07.15 17:32:38] [127] finished updateInterfaceScheduleDate().(execute time=2 msec. | result count=1)
[2022.07.15 17:32:48] [128] finished selectServiceTranID().(execute time=3 msec. | service key=128)
[2022.07.15 17:32:48] [128] finished insertServiceHistory().(execute time=7 msec. | result count=2)
[2022.07.15 17:32:48] [128] [schedule-interface mapping info :  = COMPANY_CD=TOMS SERVICE_HISTORY_ID=128 INTERFACE_HISTORY_ID=38298 SERVICE_ID=IF_TEST_001 PLAN_NO=1 IF_CD=IF_CRM_001 FILE_PATH= INTERFACE_MTH=R PROCESS_TYPE=U DATA_PATH=/services/apexrest/SCK/interface TRAN_ROW_NUM=null SERVER_ID=CRM REQ_DATA_FORMAT=JSON RES_DATA_FORMAT= SERVER_IP=sckorea--fullsb.my.salesforce.com SERVER_PORT=80 SERVER_TYPE=W SECURE_YN=Y PROXY_IP= PROXY_PORT= DATA_SOURCE= PROTOCAL=HTTP CURRENT_STAT=null SERVER_USE_YN=Y COMPANY_CD=TOMS SERVICE_HISTORY_ID=128 INTERFACE_HISTORY_ID=38299 SERVICE_ID=IF_TEST_001 PLAN_NO=2 IF_CD=IF_CRM_002 FILE_PATH= INTERFACE_MTH=S PROCESS_TYPE=U DATA_PATH=/rs/batch/if_test_0010/insertMemberInfo TRAN_ROW_NUM=100 SERVER_ID=HOMEPAGE REQ_DATA_FORMAT= RES_DATA_FORMAT=JSON SERVER_IP=localhost SERVER_PORT=80 SERVER_TYPE=W SECURE_YN=N PROXY_IP= PROXY_PORT= DATA_SOURCE= PROTOCAL=HTTP CURRENT_STAT=null SERVER_USE_YN=Y ]
[2022.07.15 17:32:48] [128] finished selectServicePlanList().(execute time=5 msec. | result count=2)
[2022.07.15 17:32:48] [128] finished updateServiceHistoryStatus().(execute time=2 msec. | result count=1)
[2022.07.15 17:32:48] [128] finished insertTransInfoData().(execute time=5 msec. | result count=1)
[2022.07.15 17:32:48] [128] finished updateProcedureResult().(execute time=3 msec. | result count=1)
[2022.07.15 17:32:49] [128] finished updateJcoCountData().(execute time=6 msec. | result count=0)
[2022.07.15 17:32:49] [128] finished updateJcoCountData().(execute time=7 msec. | result count=1)
[2022.07.15 17:32:49] result message = 
[2022.07.15 17:32:49] [128] finished updateFinishedTime().(execute time=4 msec. | result count=1)
[2022.07.15 17:32:49] [128] finished updateServiceHistoryStatus().(execute time=4 msec. | result count=1)
[2022.07.15 17:32:49] [128] finished updateServiceHistoryStatus().(execute time=3 msec. | result count=1)
[2022.07.15 17:32:49] [128] finished insertTransInfoData().(execute time=5 msec. | result count=1)
[2022.07.15 17:32:49] [128] finished updateJcoCountData().(execute time=4 msec. | result count=0)
[2022.07.15 17:32:49] [128] finished updateProcedureResult().(execute time=2 msec. | result count=1)
[2022.07.15 17:32:49] [128] finished updateJcoCountData().(execute time=3 msec. | result count=1)
[2022.07.15 17:32:49] result message = 
[2022.07.15 17:32:49] [128] finished updateFinishedTime().(execute time=2 msec. | result count=1)
[2022.07.15 17:32:49] [128] finished updateServiceHistoryStatus().(execute time=2 msec. | result count=1)
[2022.07.15 17:32:49] [128] finished updateInterfaceScheduleDate().(execute time=2 msec. | result count=1)
[2022.07.15 18:25:28] [129] finished selectServiceTranID().(execute time=8 msec. | service key=129)
[2022.07.15 18:25:28] [129] finished insertServiceHistory().(execute time=11 msec. | result count=2)
[2022.07.15 18:25:28] [129] [schedule-interface mapping info :  = COMPANY_CD=TOMS SERVICE_HISTORY_ID=129 INTERFACE_HISTORY_ID=38300 SERVICE_ID=IF_TEST_001 PLAN_NO=1 IF_CD=IF_CRM_001 FILE_PATH= INTERFACE_MTH=R PROCESS_TYPE=U DATA_PATH=/services/apexrest/SCK/interface TRAN_ROW_NUM=null SERVER_ID=CRM REQ_DATA_FORMAT=JSON RES_DATA_FORMAT= SERVER_IP=sckorea--fullsb.my.salesforce.com SERVER_PORT=80 SERVER_TYPE=W SECURE_YN=Y PROXY_IP= PROXY_PORT= DATA_SOURCE= PROTOCAL=HTTP CURRENT_STAT=null SERVER_USE_YN=Y COMPANY_CD=TOMS SERVICE_HISTORY_ID=129 INTERFACE_HISTORY_ID=38301 SERVICE_ID=IF_TEST_001 PLAN_NO=2 IF_CD=IF_CRM_002 FILE_PATH= INTERFACE_MTH=S PROCESS_TYPE=U DATA_PATH=/rs/batch/if_test_0010/insertMemberInfo TRAN_ROW_NUM=100 SERVER_ID=HOMEPAGE REQ_DATA_FORMAT= RES_DATA_FORMAT=JSON SERVER_IP=localhost SERVER_PORT=80 SERVER_TYPE=W SECURE_YN=N PROXY_IP= PROXY_PORT= DATA_SOURCE= PROTOCAL=HTTP CURRENT_STAT=null SERVER_USE_YN=Y ]
[2022.07.15 18:25:28] [129] finished selectServicePlanList().(execute time=7 msec. | result count=2)
[2022.07.15 18:25:28] [129] finished updateServiceHistoryStatus().(execute time=10 msec. | result count=1)
[2022.07.15 18:25:28] [129] finished insertTransInfoData().(execute time=5 msec. | result count=1)
[2022.07.15 18:25:28] [129] finished updateProcedureResult().(execute time=4 msec. | result count=1)
[2022.07.15 18:25:29] [129] finished updateJcoCountData().(execute time=14 msec. | result count=0)
[2022.07.15 18:25:29] [129] finished updateJcoCountData().(execute time=8 msec. | result count=1)
[2022.07.15 18:25:29] result message = 
[2022.07.15 18:25:29] [129] finished updateFinishedTime().(execute time=4 msec. | result count=1)
[2022.07.15 18:25:29] [129] finished updateServiceHistoryStatus().(execute time=3 msec. | result count=1)
[2022.07.15 18:25:29] [129] finished updateServiceHistoryStatus().(execute time=4 msec. | result count=1)
[2022.07.15 18:25:29] [129] finished insertTransInfoData().(execute time=5 msec. | result count=1)
[2022.07.15 18:25:29] [129] finished updateJcoCountData().(execute time=3 msec. | result count=0)
[2022.07.15 18:25:29] [129] finished updateProcedureResult().(execute time=2 msec. | result count=1)
[2022.07.15 18:25:29] [129] finished updateJcoCountData().(execute time=6 msec. | result count=1)
[2022.07.15 18:25:29] result message = 
[2022.07.15 18:25:29] [129] finished updateFinishedTime().(execute time=2 msec. | result count=1)
[2022.07.15 18:25:29] [129] finished updateServiceHistoryStatus().(execute time=2 msec. | result count=1)
[2022.07.15 18:25:29] [129] finished updateInterfaceScheduleDate().(execute time=3 msec. | result count=1)
